<?xml version="1.0" encoding="UTF-8"?>
<!-- Generated by org.testng.reporters.JUnitXMLReporter -->
<testsuite ignored="0" hostname="DESKTOP-JBKRS0T" failures="1" tests="1" name="Default test" time="11.151" errors="0" timestamp="2023-03-15T11:11:56 IST">
  <testcase classname="io.cucumber.testng.AbstractTestNGCucumberTests" name="runScenario" time="9.474">
    <failure type="java.lang.NullPointerException" message="Cannot invoke &amp;quot;org.openqa.selenium.WebElement.findElement(org.openqa.selenium.By)&amp;quot; because &amp;quot;selectedProduct&amp;quot; is null">
      <![CDATA[java.lang.NullPointerException: Cannot invoke "org.openqa.selenium.WebElement.findElement(org.openqa.selenium.By)" because "selectedProduct" is null
at bikashautomationframework.pageObjects.ProductCatalouge.addProductToCart(ProductCatalouge.java:55)
at bikashautomationframework.stepDefinations.StepDefinationImplementation.i_add_product_to_cart(StepDefinationImplementation.java:39)
at ✽.I add product <productName> to cart(file:///E:/eclipse-workspace/SeleniumAutomationFramewrkDesign/src/test/java/cucumber/SubmitOrder.feature:11)
]]>
    </failure>
  </testcase> <!-- runScenario -->
</testsuite> <!-- Default test -->
