<?xml version="1.0" encoding="UTF-8"?>
<!-- Generated by org.testng.reporters.JUnitXMLReporter -->
<testsuite ignored="0" hostname="DESKTOP-JBKRS0T" failures="0" tests="2" name="Error Validation Test" time="40.867" errors="0" timestamp="2023-03-10T07:21:57 IST">
  <testcase classname="bikashautomationframework.tests.ErrorValidationsTest" name="loginErrorValidation" time="1.302"/>
  <testcase classname="bikashautomationframework.tests.ErrorValidationsTest" name="productErrorValidation" time="23.815"/>
</testsuite> <!-- Error Validation Test -->
