<?xml version="1.0" encoding="UTF-8"?>
<!-- Generated by org.testng.reporters.JUnitXMLReporter -->
<testsuite ignored="0" hostname="DESKTOP-JBKRS0T" failures="0" tests="3" name="Submit Order Test" time="50.643" errors="0" timestamp="2023-03-10T07:22:07 IST">
  <testcase classname="bikashautomationframework.tests.SubmitOrderTest" name="submitOrder" time="16.626"/>
  <testcase classname="bikashautomationframework.tests.SubmitOrderTest" name="submitOrder" time="15.236"/>
  <testcase classname="bikashautomationframework.tests.SubmitOrderTest" name="OrderHistoryTest" time="1.136"/>
</testsuite> <!-- Submit Order Test -->
