<?xml version="1.0" encoding="UTF-8"?>
<!-- Generated by org.testng.reporters.JUnitXMLReporter -->
<testsuite ignored="0" hostname="DESKTOP-JBKRS0T" failures="0" tests="2" name="Error Validation Test" time="68.801" errors="0" timestamp="2023-03-17T07:52:28 IST">
  <testcase classname="bikashautomationframework.tests.ErrorValidationsTest" name="loginErrorValidation" time="2.198"/>
  <testcase classname="bikashautomationframework.tests.ErrorValidationsTest" name="productErrorValidation" time="19.129"/>
</testsuite> <!-- Error Validation Test -->
