<?xml version="1.0" encoding="UTF-8"?>
<!-- Generated by org.testng.reporters.JUnitReportReporter -->
<testsuite hostname="DESKTOP-JBKRS0T" failures="0" tests="1" name="cucumber.TestRunner" time="9.474" errors="1" timestamp="2023-03-15T11:11:56 IST" skipped="0">
  <testcase classname="cucumber.TestRunner" name="runScenario" time="9.474">
    <error message="Cannot invoke &quot;org.openqa.selenium.WebElement.findElement(org.openqa.selenium.By)&quot; because &quot;selectedProduct&quot; is null" type="java.lang.NullPointerException">
      <![CDATA[java.lang.NullPointerException: Cannot invoke "org.openqa.selenium.WebElement.findElement(org.openqa.selenium.By)" because "selectedProduct" is null
at bikashautomationframework.pageObjects.ProductCatalouge.addProductToCart(ProductCatalouge.java:55)
at bikashautomationframework.stepDefinations.StepDefinationImplementation.i_add_product_to_cart(StepDefinationImplementation.java:39)
at ✽.I add product <productName> to cart(file:///E:/eclipse-workspace/SeleniumAutomationFramewrkDesign/src/test/java/cucumber/SubmitOrder.feature:11)
]]>
    </error>
  </testcase> <!-- runScenario -->
  <system-out/>
</testsuite> <!-- cucumber.TestRunner -->
